BEGIN BLOCK
BEGIN HEADER
Hash of the previous block: 0c3130e64e6779dd6b2d36529ee33aeec64183446608fe71ea85e43731e55d8c
Merkle Tree root: 929a89fcbf61cc97ecfafc89b9e3464a63fec4d7f9603e711f2d0dfc83bfd1da
Timestamp: 2022-09-26 22:02:01.076267
Target: 57896044618658097711785492504343953926634992332820282019728792003956564819968
Nonce: 8009072836595397638
END HEADER
e1e5b2bedad2dd97c3be4739f2453e3cbc32c0f9 944954
e54ca4b68e8feec4bd84898b6e1a1fb9bdeacebf 352013
24225ada807b7eb4121d16caaabffa0a653cfedf 870527
ca8866717b5dec6e984c94fc93c8d9a1adf08fcf 406411
8a6bdd4bc4b2dbf3ea7fa2e7a5b768c54ccc24fe 377586
f6d9fd71252dfcfe2eed46e49acecdbde5565f0b 389182
e03029feae4648beffdb4b706d32ebca983dd568 159926
aef08bb225acf657e3a19c880bc182ea1d0fd917 146440
e9d6894beaf7bfccce677f8e6339af11b6b514f1 49051
d08416a50a8d36feed30b0cfefa49e33bc752feb 181039
b5e873265cdb13b62eec4b2cf884c9ea99ae7fd8 688178
d31ebaf55d6cbbfeec1fb9c8bbd6b6d773ad17de 697147
c5beccc5d24c9c1fdc8a5da44beb2c2af2f9dfcf 459017
d3e4d3adb49761007cb192e3a0632eeefdd30c5c 474504
24b09debd6eefe846941de60da4dfadb29bfcfbb 567272
a31c8dd85a3d1f8b8ccca85fef59129c4291ad43 359928
bccf98ade6b6caabb72fbf33fceef2cb5bae5c9a 103952
0d4ed6ea8cbe876d95f6ccbbb3ced513af4b9cb6 169252
7f9dfa19def3874673b25a01ea5aaaf97297f5a6 760149
e1a59cddd63ede04e3f2e642aee20135b41dcc7c 62105
da6d8228daa5af2cccb2efc7b5bf480f088eaacc 8335
a009c190e28147b5ecc9bcdaea67be0161b66fdc 213
8dd8fdc1bfff9bdd54d40f2113d5b1af4fab0829 158496
6b01acfb84a504db241da9ba9fa3f7bd2ae2e4fa 728605
5d36a6f4464288a01e59bf6bbe7d56185e0ef2a0 529707
fee6aff9649fde0608ace06daca91a2743038d76 598942
56f507ff6c5cca66dbead2aa542b721beba3e31a 232100
fb7b4b0da595badbea06f1dcafcd72aefaffb64f 686742
5bd9b90751dbfcc7ab04c5b22b2effc05ae45b04 567475
9ad1f13ceafee3dcb3dcdcbcd77f0866b8e2ca00 775101
a73ff81d726bf9a5a64bafa90a49c7c2298d1ebb 715600
cd319dac8cc0feddb3ed7fcf8abf9bfddc9ebbea 876597
a3f0cbde3a95aa48ebb8ebdbe61bed2ac37baaeb 859932
3fb6e9b811ee1f41a7db8dd37fadca9b5b65c2b2 68324
f0dcaec405fffc18b10b02de637cd0dcffb53ef5 229672
dd1ba38ed94caecb1d6d8cd0cf82f4aa0ed33fea 63988
8efb2f8dfdb8aee7525e008abc21e7e0c35e3ad6 402669
7ebacf812b09ccbc05384da3ae0a9aa5bc3aaac2 515016
fc96b6cfc9befdbc9f2f0f86a7bccca04cdb6ab1 153422
b7a3bbbff2390b5beaaa9c2abfb399cfcafef6f4 951193
be1bdcbbbd92f95d8ac4a205e1b98c33bcccb1ce 122346
757b9feed10afe9a0bc8ad0c0edab76f50c8f6ff 838031
01dae6e6ee5db956db83d3220d1d1de98dcffbca 142460
4bb46430e17bb6b642bf0badc4a425cca9e0c4fb 762962
d93e071a3bc80f452ed07deaf9c4cccde3b1f249 489179
9f54c7ccf1e3cb94cbdcbffffdd07b601a3f59bc 900320
dad6bee483c8bc9efcff73aa9f99acfacda7d5f9 685560
b5f8d67639aebefb180b2c4a3b3e1164f1bcf9ab 867496
fbd281dbe00bc6f9b0c0a33ac6fd3e0f416c37de 360893
841e3c83b19a337e0ceef744e5bd4efea6af44c4 725701
becf3e94deacfbe8c70afe7aa152429b1e641fcc 451301
d3bd8bdbe87e188abeffc7feccc886ed7ccaf5bd 190587
a20b3cfa3fe22050ff0ffaaa5de4a4da8ba6fadc 200751
39edbe241e42bddec2d7b9f0f041ca6978a3e20b 678608
d97dc388bbf3219deb9ade9d8ad3f5fcee1eaca4 669535
0aba848ad9cdaff5a3ecc64505d5d41cfa2f93ae 901273
bb402684238ebedfda7e3a5df5f9bc0694fffc6d 320630
8b8e0c8ba3c1ff398ceacfbe7937fea2d6bc4ac9 799514
4fc1d1f36635b0d62cfac9b6f735ffdb961b5248 369790
e9d1d8cc6bb1a4d7106ef3ffddf8e074a5380ad5 717517
a723e05f45f204faf652118ebaddcbe5ad1f9b82 940915
be7e1a35e4d171e5b5f6dea4e38712f6ec7f11a6 441808
77fd6aedab484ebba46d31ebd2e0cc0beaf20b9e 63445
5aebafbbaec4b385fbaadb053ac80a0addadb58f 40560
dcfe63a231c3a8cffdc71c5bdc4dc2bebb299fbc 790507
2f81f8602dfd18df051c5fc02475b7340f9cc854 522499
af6dc1d3f181dc5ba15cba17e7bfae4c7c3ac1fc 820593
a68fd2be02cc3740adb2ccfcfaee2ef35dcbcef8 604760
f2c3ac6f5e4486094f8d1bf7ac247ae580551b89 577872
2dade0ed79b22955fc0bad5d49fa6cbcae46dccc 226817
1afea6d0efbd5d1ed6e195dd9bae7ba66cdece5b 436485
END BLOCK

