BEGIN BLOCK
BEGIN HEADER
Hash of the previous block: 90664989380f01edda4b3999adf750cf6223e442e8f5c4a03f210fdbba0be384
Merkle Tree root: 08e1410e29175c56c6474faa03600f26014639de3e06ece01596c394ac3a1282
Timestamp: 2022-09-26 22:02:01.098557
Target: 57896044618658097711785492504343953926634992332820282019728792003956564819968
Nonce: 14887435766389957147
END HEADER
785c1bba1b1f2edce68a1cab6be018c8b4cadf9a 562301
5b60aa0bfd960f038cc45b2cf0feaabc3a640cbd 171936
fd19c19cfdb3365fbf04ee2bdb4b9bcd94dbfcf7 284882
e41c2308bada12ef5bff944ebdbef9de7f661fd5 21627
99267b7b41d7ab52da98b67791ce2eb3dd8f4fc3 569190
db67239e53d84ebf2c6616b1e6a0c26f43ada4f7 358203
b21efd4b00a8c5cbd9eced1db863cdc6efcdb99e 515432
3efaea66a0bdc9bcd0d97af1bbf18d0b42f443f2 214150
e587303a9a6b0cecfe6dfbbfc63c6ae7f2e472b3 86841
c4e8b334fcdbfa510922cfd7f8bfedb83ff098bb 870057
cefbe97cf3ceb482aedc55ecaf3ed7a3c54ae54d 901900
ad8dae7842f05bcfe4a5a71519e9afdd6ff8fb1d 581610
bdb4b2fd911a71ce2950970c8c78fea0ac9ef1fe 762881
8790f8eddee6b6104a0eae7e3bacbeda7b31a14b 364526
4dac4a15c57ebcad4deca2934eec49e6b67bbaae 727614
fb7dbff416edcbd4cedb664e07e15aad7dadbe0e 861420
ae1ff8891a0c3aaeacc2dcda7982c46f9f9fbb9a 659934
e66f1b95a90fcdbd5e9b8f809a81ed025d86fd58 98175
746203dbef4f9cf479eefe6dfc0a72bd2e74b6bb 633259
93999cb3fd8e8fd57ffc02bd980cef17dbd3edf0 185374
cc36cbaff2ef9ccf1c49bcc0110e11ec9b1f8ec5 437558
163e74a46afe9da3c17f81adcd174be6e5aae0e7 98606
681b05bc2f44c4eddfe4c0832bd9deff87c65aed 722538
fd28b9c7bfd8fd9555ea2f8fac5091021b18b94f 548984
be1bc89a1db99bc9db4b40239ed2d75a580aabb1 42673
10e822eac476fbadeb6eee0dbae9f41c0fdb62f8 442716
4d46abfddddf2deaee7c5a4bb3eaebcfa6ea12d3 97861
cecd7d98a4ce99ceabe35fcbbb9109a9cffca87c 649278
fa5cd0739c9bcace628f78e42ff1adbbccd03dcc 770342
bab0f0b2ad5a7de8acfaea59c861f96095a1cc8f 806749
9bfecafdef53f7cc2ec4aedc628a1beea73d00bf 490892
e7c970fac8f98dd0ecc63d9fed6811e0a99b32df 726827
5fa9d4e4cada0a11cadae775e4efaeaadf6fd9ff 720481
d54fcb3743961e2a8aa5cfccd9adaf081682e851 943785
faf2bc5edb5074e63a5d07f77cdc3ac0abfe2e62 768191
cf80e0d83fd349bf2aca1615ed3afb20024572ce 744931
339ddb342ab75885ff3b3b88cecca234a8fdf3d9 690514
a2a7e15df3dd33eb68edfd491f41d194cdceecbf 465511
6b4dfa0a7d0c24c15efccb5b8e2bc8f7ebc3bee2 110667
debd7bd1fb6fbb60cfeafdbebb5e0b40cefbd4b4 516999
ce62a7a97cc1909ed433adce1c30ff1ae7de7bde 353456
706bd8fdfa1cb3db0fac2384abebb34350c3cc0c 819684
1d6dea0bd553ae4dd521c40ad8ec244c3278a1ea 809839
0ffcb7baeddb0feaaea2fec21b1b27feffcee1d0 47676
3dbebd6becbb2cdfac60c7e4ab9ad1af1bc730ec 2601
dc8eba7d0526db2b9f4dcab3c6be4ede2ddeaec8 11352
5c7948304b4d5bb8ab82cb13399c888beb8b30d2 194195
da371e4b91dee50c2cae700fe8e3fa85c3976803 100771
3ed2522b9c125e9748fdbcda751ba9e3b2a6a78d 259522
29ce0c196acdb6aaef22d2ffc95a60afbcc550ac 765711
da27cbe577e1c3bc92cbeb65e8a6dcb8a3c39620 412851
ba8bbb72b17e93cd1c90fe7b1ac5d057f9e6a18d 902672
ce2dde9175aebadc14ccbae16cc2eea4b1ee54f1 886668
ccf8ad0377f0127213b37c0f5ecbbdca9a78cefb 359341
faaca4d7bb9fde723b0a6591c54abb3dc15db7cc 114243
a79c03a0b5e1d56d2ee0ec38cce0f6dd3c090a60 103570
debead7fbbfba673545a0fdf8265fc5b0a9fd1a1 242189
00b1de956d75afed92f87edbc6aecdeeb0afb4b2 328680
f8cc6b1e1b15befea9fab98e99f1a3cb174f5ef0 798686
08281bf93ab60ca7523fa60ff73b80e3bb4bfb19 258731
c6c515f3132901e2efceef64aa2cc15f3c46fb5d 610514
b88c0e99caaf6baba38908d9ad0fe52d80f5ce97 1766
9920d3a96c032ed1bd215d8c6c89b939d75dbb16 721425
d975ddcc46dede22aaeca5fbccd2e968eadb70b8 197179
bbeaf1cf4b4bfd1021aedd53c244dced6bb9fdcf 556118
d3da7e5bda205aa4acef70cb3fe66d4e4ce8f61e 559909
a19e6e6a43bc4ad3f5e8ffb50fd5dd15dff5fa68 43355
e2a8cc97d99cfbf8b0d4d2ac5d4a9fcc08fa94fd 85909
8bdafce286eb3ab0b6fa033fdea890ffae793c9c 199455
bcc0ec7f697fea0df8196bb6d37acc22f85effa8 371239
END BLOCK

