BEGIN BLOCK
BEGIN HEADER
Hash of the previous block: 89f10f97a12d57dbf8269593fe411e56eed32bb3108b2ec4f76559921da49e42
Merkle Tree root: 569b5377f0b9bbe5cd81628b08cd4ac67d9fa98616506b69271491b840780548
Timestamp: 2022-09-26 22:02:01.026823
Target: 57896044618658097711785492504343953926634992332820282019728792003956564819968
Nonce: 16235142822121251627
END HEADER
ae2b81bcdf67d43a4f3cd0acb9ef873cdddccf29 965502
c4ac3bc4ab7bcf9aaeb3b6a8de3f1d5d59cc88a8 253878
8de5ce1a0d0bd97bfff9c67ad5baa92fb7f2e2fb 115392
afd7f957fdcc37e53ef820f28658d0ed78bed778 167785
ccaf57ca57eba1de102adf6d0ffbafefba0486f4 720015
bff6f2ee7603cbbceee37eac9bb2094c32033e6e 625245
1fb9daecddbbbfae5e8c56b3f78adc54aefda1cf 259129
baff1cabeff7eaeae5ea011edc94f6d501eb7116 361581
4ccf1fc6fd02a6ad0ee3ca0adfb23d53ef43cab4 284743
4ac3c80f038bd7ba41c4ca966bb30215fece5ce9 636137
b463c3ea70cb85a1aa03a6a46e2912da861cbf3a 127982
5b0f3b93bb6bfd04c54f83eb1b73f27fc64ece45 653019
5d9f5eaa2b0c9671b1ccacb5aeafc3476efa18f9 541995
e5e7ace033bacbfde98986fa54dc1c1c7dafe541 396351
ac4ddb0b0cfecf947bc7fd2e0b6a422cabc264b0 81362
5de89eb8ebac6b3bf0d8ee5c94dffcd7ddc6cafc 217859
1ed7a7c56b4ae7f93a5b59aff513c3c7935d7a09 930607
b9e99faf0f5a5c5d758f30bcfbd1b48bf36d384d 274716
98aca3c3aecaebe9996d515ced1e5bbe91ccf70d 636875
4cb1effbccbc91d52fb89e9c660fc33d4ef74203 581156
6dee67fedfacdd91ee274f0a554b794fcda58b90 555761
bb4bca751deebff0355dbf73f3ec6aad0cf51777 274019
b53f2b8dc8c0796c090221b9ed910fbc5391cf58 172140
cd621c2048f1fa3640b597a4db60d85008fbe0ea 18080
10c001c1be3ab5f56ecbd4cf06fd07dca247a6ad 493524
af49066e5be87a0dd74b53768ba3f3ce8104c2e2 932610
e3adcfd0f2048ab5e8e99b996bb10564c4179f1c 647423
71ccabecfd9bed03bc2de5ee34d99c5baea246a0 207657
bdc1dc5517194a1dbf2dadc8582ebad01ff681b9 305261
51aa3deccc71cdfa85c23dceaacfeedcf57818cd 944548
1cad9badd5adc201d520fbce7ad5c1ac77dbff87 327204
cebdbbd85bc401ce66bb682dcccf8f15351b7aaf 555797
9eeaadaedd9a750ff25bae9edc5fd29c71cf1b7b 297396
dafaedee6e64d4823c9db8d4eabae1bd3ff18b3f 440622
cccecd95028454ec81e3fcce1b6f26a6ad222a1f 909881
c6d0a18d6de2c3c8c1ef0b39b98ebab5f0af4aae 191361
8bcb8cefc69bc9da840c3b8bc0bffedcd2ead190 775287
e9df1f4aee6ad94cdce7ee2b3c8eb8aced9fdfcc 905656
f6e35639e6c8c89ab07659f68f9b4795e9fbfbf2 601081
cb5ab4fbcf2dfd1c12dc40d0cd5dd11ed8c7cabe 638247
b5ca96c0ff53bbeb5babaadbef2670bc05aa1cbc 373239
50cebfff9e4eacee3be451f84eaa7efab4bd6a2f 621177
dbdaebaaeda4dab2c91e88ccfff43845da281ee5 716431
50ac335cb17f9a401aedd4615d33f2c608d97e5e 867742
efea417e8f1edd0f3d1cdcaed7efde5ffdcb850a 597868
ac4cac8c8e32c3ecda876dce4fbaddd1462f7acb 776527
6bad6127ae17cee6cacd90d5f5f7f4ec0a6f2dea 224594
feb6cf63e7caa864f9c7ec9d72d8ff80476cf799 934239
da15a0e851aeff89eccea94efa86ccc8aec51c12 728631
d53f21196bb893ac261c0c9bbe7c770cabcafe91 559063
ce1bb5886b872b2ba39c7a5cabbecce0b65bab2f 426867
fdafa7dbddbdedcebbc4ee3b91a46935c13a7b5c 325073
672ff3c06d1cfaee1ebd9ab07ff0e0c0aeed0dcb 274634
f4e4ca731dd1deaacbb1101a6bc092fea80ea6b2 923373
72ff9d0eddc851bd11febc66fae45933d4fb59ea 435352
0568ed3b69a870c3e26592bf7a2cf59ffeb5a52a 614652
df9d53ace8e19777cef6edee257df8cff82fbd58 264325
9cf846aafe71f24de2badcfdc1ed6fc835edbfd9 932296
ae9d5441fbe32ea8fbabb2f9ae0dac26bfde1cfe 258723
a185396aa85b30aa3ba676ead11bb76b0baaa7f6 406288
END BLOCK

