BEGIN BLOCK
BEGIN HEADER
Hash of the previous block: bc4495d7df45c346ed0e89b22d120bb95c5f459c52815d4ba4797bf373883b95
Merkle Tree root: 2435d78d28872754e124b44dfcc923b8d2843ee7d99be85f02513bb2fdb7d4ec
Timestamp: 2022-09-26 22:02:01.094664
Target: 57896044618658097711785492504343953926634992332820282019728792003956564819968
Nonce: 3730763832473237231
END HEADER
c68383bb864e8d34150413066180ee50cf6cec1d 923816
64593cd0c0f9efb13c3dd69ead14cdb2e6cb5df7 434157
ebd6f0266c8e086f55f001e5f7c85bb736186d6c 165607
eda1ec9e0c791d6b010dff1de9e54cd0530b5733 319030
3eafaeebb2a98a82faf8b2f4fbddefecf80bb3af 93301
f4f39c55b88bbbe3bffc04e235dc77ee1c07cd80 791266
f772dfda3caceb33cada39e84af5b1ea1bccb63a 688220
f57aab9afc36c9c57dd2a3b3cedbfb47eda4eeb7 116760
3b22ac4ac6cf12edfef0d0dc36decf22fce1b4be 990572
df0fa2ecccbad57febaaa8dbf7a2fdff413bd3c4 860116
cdd3dd3cddd53fcecebfae53cc2a3ceb91ec1b2c 422307
5fabd5bea5fd022dc0cda33b30ed3f272aebdfb5 484674
3c8d7cd9fcbed49ddbdecb7fd2f7cfb30da1ed73 374962
1ca368844965e740c7a8db59b1adcba7cac8f6ab 965454
238ea16caade95367f89e94c8b0cda5936ffbdf1 794647
35d99ecfebcfa301adefd9d2d702dadcfcc94ce5 778057
44c0b4e3ed7eeab5a3b52e0bebe4a65e1a38ccbc 729588
c99002e2a0c1588ac7c75fbfecd780478fa44f10 279153
037860d06cf0b5dcb621adba6ca3baca14f5eaff 351062
98f9defcf000c37fc0bababdeed9ffc12da1d195 661347
7cc0595fa9c92df53a599aadaaead44faab3711f 566889
6a5f99f955bcba62c020eee4bb2ebb3d389e9b19 579608
1337bdcb0bafb17dffcc20b6c4b49ca8be3db87e 902911
acc5d1f6af27838cda82dec9f6642ada1ea586cf 229315
a172a0df67247a8aaeae31496cdaea7b88baf6ad 834585
f305c9e9ff20a8b4df50dcf6be6fe12d32cabf30 214677
dfd9e4f1745e6ba0ed3fc7aaaef2c4ad5c5ae21f 973788
d8cb1f4fb7ec73aadfd5f0581156937aea1d2b99 519672
d8dcd621eaffa6103a508b0c2d8fe4b362beadaf 944910
16dcfb8035e8a4fb576c9db6ef88eef300c38ed6 746170
a5e76cab65e605dd83722e73cda3b7ab0ff9e8aa 758710
bedc6fcdaffc1cba5acbbe50c994b0ed6bf48907 891687
88ecb0fc8d5af7c0fdec1c52b704a8d4fc15e7bb 372931
fe121ed6fdbe5ddaa9fdeef8ce39db91edf2ffbc 839577
bd0a0f57e9f16fbbddcdbf1ab8ff0f1c1b9f6cc4 416894
e1a5eb53ad9fef8f6ebc80be89cac0dcc6e3a5a0 456966
3cc15624535948d9d3dce576f4abdad1a4e9b6b0 326987
332ef06cefe8072eed9b3a0e7f1a80692bc56fa8 437401
1fc0a5ecc0e80f87d8aeb77f3aeead0cddf5a6fb 279941
8f41bebb0d91aff19aa935f50f8bd76f586cddb2 28217
bdcacfcd86cef4c372cc32c03dabcf47500a0d5d 825997
db189f9de80a6e70c1fea4dc5de1ee337dcffc2d 871725
1be386f2ca65ac1b1190e2ccb03c56a894d376ee 174121
cffdd58d10657e8b0bb9adb8f8339a47bfc8d1c4 354396
c833ed788ce9caba1c70cab52b1d6fa377b4e51a 549011
159e387ca5e9cd825cba25cc44a09ca7b03d3235 662783
60cb7ca5421bcdfe42bf8dd0fca5bfa010e235ba 642892
d9985b7dceabde0d981f2c3eef71c1ae20c42a74 679115
cee6d56ffb2f9f65b5cc07a7d9fb3682f8ba5cb9 35287
ffbba6af1ea7ddc36c04fb49e5c91edcaf82685a 8190
3b9db8a2036a0f9fba74ec303eaceabacb5c3130 228271
ff980b8e2cdd733edfa0befafaf8929baecd3ebf 800627
9434d4d1ba6cb4af3cbfffafa834049ace76067a 215009
f9a3d4ea13ee78bf8aede4a9de69ddd59fe41bf5 11822
c17dd80f4a78aa87ce7dd0cfaa54fc80b8b2ea1e 596189
a0b61145fc19680e9a0cccc5aa70cd420fbbeebd 287810
40f33d1c6d808dca8b274bec2bcf28dc9dee9a6d 163437
82bdeeec6b4fa8a55557eaec8ababff271ffdac8 712345
72c354bfe896112ebdae1acdff81c56e4eaf6831 41
63bab531bdf7efddcebd70fe0aefcefdec1c869d 571284
fdaec959b1cc1fc71b9a37143dd9eeea6f160720 59200
ae9c5aaddac2fccc3bafdfb3cfe1aff80c2fe674 910357
1352f1be8faf9fecff02fc44ed47c93c43f676d7 40482
914fc10ffe8f9dbdd7aed586bab9e0959faa29d3 628168
254aa2ffedef9cfba5dd887cca0621876a4dfafa 115030
db669bd7eb1abc5c8dc5d61cceafcdd4fb9cdd29 852423
fab4031ec5c031b67ede081cbcefa2d48af1a6a3 869543
f1c54aa6f41d3932dfa1ca3532d39a6acbd64c99 993454
bbfd6d2f6cb2889ae6cded8daa58fcb4ff2edfdf 553444
031eaa10cdcbd390e38bb340b2a7e9c4ca5cc2ff 551372
a17f0e3daeff63ccbd72fcfc0bc6baf2effb53fa 127501
9ca519cfb7cddbc1cf88e84ce3f6d3fe9ea090de 435657
5fffaafaf7aacccb54b09c8248b5bf86f6f7db27 198391
e8b2dea6bad3dcefe73e39cd3dcddd49f82c7309 908382
cb154d4365daab5a38bef8321c2a17b322c3fb25 65868
d4bceafb99d5d8f6d0f36aefcea813e9e8e9bca1 610986
fdfdc0c8ca8fb00012e24ef1fda19428a7b4fbe7 218105
7dfead21cb3bbc3d30a4a7ba0037dc655a7d4d0b 991899
aec4ffdb18cac141feabcec7f7bfabeec3a7e49c 835106
dbc06e29e2d4dace4ecd2c60cf3b2cf7dd598484 588700
cdcf6c03fe655c847ad6811893620dff9add01a5 876410
END BLOCK

