BEGIN BLOCK
BEGIN HEADER
Hash of the previous block: 975e5b13b64031fa47fc6c963be7e0fa110b369866dc9668da6fad7677bc09ce
Merkle Tree root: 96b19e15adf4738cacf89a0bb9aa13e47fedcb55b9eef49bda01d8a876bb12fd
Timestamp: 2022-09-26 22:02:01.100685
Target: 57896044618658097711785492504343953926634992332820282019728792003956564819968
Nonce: 18258936724865625325
END HEADER
ecef8db1153aeafdacdb2fe9fdabcfd6be2414d1 998660
af5e2ed5ce9efe0effad09fcf4c32a19cc51d53f 414530
e953038a1a05af5edd5ec3a4eb72805b93f708a1 743478
a9e6f3d708c2ca8c545eb1acaa7f2bcfada9ebbd 530698
dabd1790367aff8cc7fdc4a9c88468a6afd185a7 882758
5157fbce9cc7cf62b56917a175b1507ce5fb2d08 41892
ced58addda76d3cfdf51ef03418c0dc77e51c2ff 46550
938dddcb1f547b8a5cb1812f07bdb36d43f1efb3 603388
e5595fbb7baf72df5d9e8e1ef75bb12b3fda9cec 880970
8adbb9b8c68d23eb7a5c7f8f27aed8dbaa8a05ae 441780
c3acaa04f60d8c3f69ab5bdbc4ced003e8ca0d6e 463466
90f1dde03deaef8186401ebb4f7db86deebaa0a2 103790
cc1ee6af9683fbba784354fc8affc1ab51ba79ce 478639
35df7934b0edd4bcb23289a0a8624bdf210ccc7d 103196
57d025e584cde34ead3f15b6e6a6aeac7bb9c7dd 375726
1f69948b3589b242b4bbda7bdea583b0c6df4718 737334
8dfe7fdf1c54fabccfdbdd60ffeaacba35deaf6f 321301
b0b1efccc1fde2fc4f27ed76dfe8d63adaf3e1c9 911997
c8e30f15aab2a4483b6e5b2b27afab1f4c7bf0ee 439373
d3bf2fdde67844d77bc3dad7decfc07ed746aeb9 276646
855f07c95079ee22f44f0d596e4d54a44c6b1eef 719154
7ff1d0bb2f16d9a4cee9caed32efd4aaec51ea44 763462
1218fa712d62dbed122b0ccbad247ab45f4870fd 82250
bfd2ffff265ef3a3f9911e656446b1c54bfbcba4 888117
ebf280984cb7aad14fdaa9d17bf91e7edcaef3cf 829898
4acf26f6f68b90f25ca32ebbf4ba9a6839ebddaa 841826
4d465a6919c1af78dbcac20d8e726ba1becface1 300319
cf0fd9443f1dadf8eb056e30ebf4c164e7c10afd 956920
5acabe6338af16dd96ef5ccff969c7ce96bff400 322371
e0e4dd4127acfaa42acef42acdea70a34fdd7fd7 850250
c467a1bbeecfce6bfd9ebe2e1f26e20d2c7f43fc 992140
e47fe7c71434f5ccf0a47dd9a5b6de3cf8ee2db4 744840
fc1d3aae7814dae3c601bb852da87fe3034e21db 457420
1acf0fc8bdaabd03aebe248cd3ce1fab2a6e3a37 645152
a0b29a5ae74d5ea840aecfcf87fd587f7afe52f4 472636
15b7bbefeaecca85af7bfda146c55a9be2249de7 668793
78d38a6a0ac2b29dee813b888b98f7356df50b4f 967079
dfe239fbb7e0da2dcecf0b93b26dde9feac3a50b 73277
9bdd5077a30b2aa73be52aff76307c179e0e5f8e 679362
ce0ca86fea1c12d33f68bdd6ddbc051de8ae146f 869367
a450bbf1daffcb52ec9f28165e455bda7d7395e8 535755
83e9696cbf2889cb5cb0ff5ef6715e653705a576 524119
d8f2e0e2cebf06d3dc1ab4f77a4599783e4dfc8e 398876
675bbc6e8b968bd5246dfbb988510873e4a9ac2b 336598
4c2a50e5fc443e1a4b65febad87bdcc0ceeddfe1 766419
302cf95fe3c03bfcb73d1fc3522ad8ffefecd4c2 588446
def3e6ce66d4078d81984efcf736a2dbb9ccd5e4 839390
adf8942ec516f8d02e9b05a71fe2ba6fe1ecbcca 694553
fcd1e2e5abcbefa656c3e9da829a6b2a0bc86d7a 907347
9effbe0bcfabd7fafb6ccf96fcb5fdada75dccd6 850222
2acd92fe7c99c9eec4aaba9e5f5c2de5deeddd27 466751
ec3e2cc1aef83d792c4f9e174adf6bbd6f08525a 850406
6cfb51228e3c7ff025b913ef2ded7766d3ff3acb 825750
782dabb3bb52abf5c82481019a8cffe09176f0d9 832930
cd6ad8350abc9d924faf9e4cd51aed3e8c46ab43 1436
f9bb1ebaf649df6a161bea51d1adb8bbdea6baea 529151
aa327e1c0f7b551d4e6f9a88e8bffdcee1eaaa40 201839
d2a4507580f56e8af75cc77ca36c6c14eeafbf5b 431398
4b22ef7eec28af48c6cfecabcbfcab38342daed8 460531
9e37470caea33b8bfb2ff88ffdfd5925c1209bdb 871974
69cd4aeddc240ecfec6ff6c1dc823db1ddc676f0 145802
4be36ae0fe9b463a22cc9a485df1f8aaec84060f 895638
7bdbeecad8b0ace1cb30cbebadcdd5cd21a9ada4 349869
00ac305dd3d076304f4e7b8c6df71e855197bddd 846886
c0f3a918ee6df8d532aebe92de43d2cf0fdec528 308463
ece37b357613dafd767eb5e12dcdaabec1e32c74 109265
ccb7e9676cddf5e6baed8c458e9a06e6642deb8f 720505
4cad143c1be975dcf3de7f3d19f8df7ce710a6d5 397703
4e6fd18b52df1be0e95452b3a5ffd1bdbadaae19 159197
3df90aa993a6f0ad93dc8bda8701bafaf22c21ba 415707
f42f917af77ad03fad21d7d9eecb56d97ef2dbce 135716
bbf1daefe3ebf143366b209266ac6aab5cabbda4 44511
cadc5a0d0ba2f14c8ec96570eca4bf5c6c879c52 923948
57fcbc85e3acfc5f4060b1affaef23e60e61db2e 151217
4c28bba0f2eacada8ebec7806c8e83b92a7dea0d 59094
0fc39c24dcdbde462ab4af815e420d9a1f812fe4 544962
e7aed3262c80b46bae3bf56d51a3a8c9e1e3e89c 487783
e2a9aa4c96e59ef02fa0c3225b8d1ebee0ecf4d7 621094
caa698fd8b6c9ae55ead1c0d8e80c2872de2dff8 380071
3452791b8e7c87bbf0dd06ea3b7593edfcbbfe30 829486
9efca88de31cdf2c82eed1b6ddffb7ebe5b5be9b 439223
4a4a4d996f2b432d101e82bd37eaebae8946900a 74787
b6ee853a8bfc5b4c8ab8c81495e9d63652ba47bd 755471
92f460ac5acaeb5d14b4b1261657569ccfabd53c 447381
bce9fc87678fb4b65925d43aaddedabdfedd1bf2 922976
db7c19a6ecbbbebcdbd6fd7e9f2cf4aa6cd77fa0 418795
9d4dc4a9afceab3421f2dea14ec42dadf8acafac 512861
de74d82acb3b51adbb1b40d5fb7fef6fbbde39c3 668150
fe1149e46dcde4f80ecefbb14f196efaebbfbbc4 95858
f50fcbafbfee0da66a1892f3451d11fba8ab7ac3 569572
5bc8a492e52e7eab0de8fe6a9c73f03eb763bf34 921808
9dafd07df4fdf2df9580f87eb26179cf6cb29fff 859957
d5ee6cd910e12a4dab0fdbda422bef95c849fb1e 381694
c6a426aedd4ff5febe6fe7a0c3d77ceff498ff8e 156455
33cd8580a8dc06bcbc5bbb7cafc6ae30522b2268 695723
d6c0aecbb15bf61259ee2b0eebcabaa5bbfe4746 942149
dae7dbbb5bab8cf5efbdef5f3bc7da07ae1e4231 892826
f7fabca2ef4dcd76f5c5e06beafb3e428cdde0ca 764043
1d7ca623b8beccaa693edb4908b5f55da94cecc2 89559
eb2bbcba9486e9fad70cfbc1ffcdd61ec8bfcd76 142365
END BLOCK

