BEGIN BLOCK
BEGIN HEADER
Hash of the previous block: d0fb981b14f2d79af53b9c82a9b1c3d8a3f38ce40a425128d058e12e8a761d3a
Merkle Tree root: 397206e30464a7cd79ed295480a4dea60963ea5d9ae1d2cb8bf14bfd77634252
Timestamp: 2022-09-26 22:02:01.086399
Target: 57896044618658097711785492504343953926634992332820282019728792003956564819968
Nonce: 237174686292876337
END HEADER
df76dc8e6614cc9bd5ea5c7a4c8e6aba7ffe0aa6 859748
f2923cb0cf16cd9a8afcf62e878bfdafe0ddb91d 348267
dcb632ba7cade69ffad6cab0789c8983c9f74c8c 615047
ab982bd82bd162ca7dbfd3184ff8a0c312ad2954 199700
ff6e52ae5a29b23efcff62a66c3eea78beecbdca 366727
ffe6a842edc77bbe9ee5333ffcc8571eeb15ad6d 229352
5e3f8fcccfb0ae7c80ccfebc0ce90f45b4d75fab 829609
3f2005c08f73d4f8aee66dc0f45fea75dfb68dc9 625182
b8535cb7686af94b43df4539cec4fc7dd70b26a5 219180
62d94a2ceaa39a257fbd42a670970e88afff97bd 58083
ad1bdb816c722b6a60c543deb8efcaccddf0b1bc 849462
0e2c4d1da345addcbe3ba1decedf48fd97c805a8 74700
c1dc0ef6f6ed5fbca33bfc2a56179c6d5dd3ebeb 576491
b57de7fd66fcecf60d2cbb407dbb0d4c2beadfdf 193499
cd5d03e3ae9b13fffa0fc4d244f533ee3c762bce 44332
45cd1cfed8e0eae09e6f89ceddc8ac4be520a9e4 972907
cd69fd0e6a7f4a98270b3cc2ac125b8dcd5bc7f3 431523
79ec20ec3db46eb5ca761ee5c4fcbcacc4beddea 563107
f21c65f25b3acc6d909fed61afe0ccbdaceddb2b 442465
31fbe2d6604bdddbd37dca1181a9eca550f710a2 487370
dc8ba6d6beaa4cc9ed728fb93eeef6c959fddd92 343059
7156c67e7cda289bce21dfef4c88cdac312e8a26 705179
e7f65f81cc95514b9cd9a9e419dbb1b2a37cf4ca 305092
e2701b4e7b99e50b36db9a9f85dee74cdba44a4f 776924
f9555db01e1d5c4dcf9130a78c4b7c1babc3ae04 92697
7b3f1ab39ae56af4f0782f8d46cac852fddbac97 450280
d8c973c81c93cdff44ac0c5e8a5eb8b4a9dfe841 779389
d45b90e915c7b992f7ebaea43fd2f8959fd2b8be 916865
d76db0c98cf8caa5f0d4fa684fcf1e1ecba17dee 98475
b0febdc8b843bb9dff7f21c59ad0ccc28dc70d28 30771
8c04ebc0fbebf1b7bcee3dcee9439f3bbdbfdef6 896645
ae9c1acee6bbea5481b96cc2fdbeca2cdc1eb1bc 888363
ca95f85c1dfbcab65d72c2ff31b4e861afd6e83f 434322
e9adfd1e23af7c40ef75eda72fd435c8a1eb64b7 98860
d762d0bd76a0bd17ae1a252d56abcdc6ecf5ecff 520824
e050eff1dbacccbaaba3dcd8f97ae7e35ffbff62 485187
de0acd701ed59eb60ccbf38de33a2f5f91e6cde0 394638
2abebbb5d5a1ea3c58d8def9f009cb0ad2cd7bdb 540631
3c7a65eb7c2ee5c79bbd2afedc268eaa401903d1 38899
e1d7d55dbcabaad1ad0dfe8a4a8d32a6a42209b7 699087
e4e09da8f32afcb2ff978c6e8e4ecdb9df13b4f8 593589
f71bdb304058eabee8cedf5178dd1ef52b8920b7 957220
96eebb2b4b5c96ed4eef3c4b6a170c196bd1c2a7 719866
dbd4efebb628b171b4e65e3b3dcbfec96d09eda1 646092
e681abcdfc62d23b9bcc41b2be1ba46d6e2a193d 902630
f2eebd8ccf9ebb2af2d54eb972f66f3cea198efb 979180
fc110a2bfe747f0a8d890b3fc14354147bcbb3d9 877691
d7a93bcdfb3ca57b694b481e0aadeb2acc78ed8f 883953
c4073ddfeda007ebafdb5eb73a90a0c585fad137 765374
bcafb12ffdafcaa2b04ada4ccdd00b99817fbcd9 293755
faf20cc9bada50b0cbcf36e66c3a6a8a987f011b 884216
5f51d7bddf2bd4e4d7373afb2bfc48f5abd2d0e2 321391
5bb1acb0e96b3ec5cbf86b3f2b6dcd9719e6fc4e 514183
d6fcaf7d2f0f93d89d65355748fcceccc1d011dc 990689
94daeeac98c2dea944e3eca3fbc34aabab0f2def 656289
d75eed8fcffcea1f8bbef1aaedce07f8baefd86a 425406
fcacdcd8dff423bbb3d9cbd5f1ab33eef9e2ca09 978548
END BLOCK

