BEGIN BLOCK
BEGIN HEADER
Hash of the previous block: 7f914ab26ff5972161c6360c92de786f5da2c569f09621cba61e1436bdb3815c
Merkle Tree root: 9a0555efa27001d4621018b60d0a58c03e329dd97f78356ef5c05d31a947856d
Timestamp: 2022-09-26 22:02:01.081254
Target: 57896044618658097711785492504343953926634992332820282019728792003956564819968
Nonce: 5889771870711911963
END HEADER
9ccf3e7d9f00d797b5cc321a7dfbe003623e8c6c 39422
2cceafe9732eeabf7ef6e5f57546ba8f1fc9c5a3 638908
13ee6c774e3527030417a59eb2afe1fa6f5fd13e 588367
51bc9bbe68c627d318000e58f0d3c95f5ddfcd9d 655133
b6b026d16a75dfbed8e09ff8cabeddafbff0a430 539118
ffbc7ef9c7fb0b3226cbc343dc4c7a7a64002d3d 648828
9862e3a5aff69a15db4152ecb26dafdac459866e 514221
ae5e66d67cc0efcfe2ccc12e9e02ba9efb466a2f 47267
e5b4aff6ececaa3efeae27dfab81e65f36f0fba6 905163
255b2a48bd3e38db17fcbcd99b4419e51e42ecdc 748740
e6abbfedef96deaf2daa5337c0f37eeab4b6fd8f 105246
3a63ba8c875e41cdcb0e5a6b8f46d1c2d4ae92da 417734
dc9c09e7a5daa8cd56af9707eff48da14c445500 235885
345cb33475edcafbe1f37c1ea09aa2af8b2fe1c9 544194
f9fbbdf2eb0c4808034dec8ccc846bbe0bbdb9e3 853977
7acddfe98fd241eaa3eedecba8ff5a7dbfeebd37 863610
d79cbbb9eaede27c15efcafad4bb26eed5dd66cd 846816
fb651cfc60b4dd0dec17ff54ac1c30da2883f442 592341
6dd9a5ce75fee9f262af270da1ebbde39ad87f8f 592878
df4bfbadc1e652f2af2db4e40c4a9aeaae3bfcf3 999387
d8ef8da1ed8babd524eec438d2bfeada6a7177fc 986528
dd4daa9018057be3eb63d5a281a99df784eaa62e 548361
f375b3fecaadcb6dcd1d9b9dfb3a862d58b3eeaf 822759
faaefe55e7b268a7333acc8b2dcdc7d1df9e0f54 175553
a7dcc169ac54cfafeaabb561ebedc02af6a4e7ae 992250
a19c2e321d832dc321f423cefa8db5da3c0ac3ff 816552
59531000dabc7ff3dd40ceefb1348d7dc6115c2d 294653
4512dfbfff0d3efb3f9fba15ccafebb730bc00fb 346700
4724a47c437f706a9f8fe217b7f0fe5ad3ef9bed 118760
35d1d2f6aba7092384b3233ba6f820a9fdbfeba9 241108
ccc4be5eede79da3d710f2add740fdde6dfbd1cc 304426
ee2d6f8a82ec0aad46ec4d5e7fedb4be6624f83f 319901
fedf3a7ff312a2fa04befbb431db2e2592d5c6c0 834161
7c3cbb14cfaccfda28415f91faf82303b182dcbb 95486
b1dcaba8c4a5add0ddd3ffcabb45ac7ac84f2b25 627768
3aec4cf4c8aacb89f8fabd4dcb65796b3ef21edf 424463
a4eadd0fc32b5af6d78a64ccfbab9b0fac35ebbe 994946
6677d4d7db3e5d1d9d086cde0e2d37ea3d7c31af 236053
5f50aa32fbfa3cb5cfb52fbbf2efe0c101e240e2 851853
a1afe75abbc2fe7f9dd6ab2d5bde53fee01132ee 794332
8fed311ecfdb5a68beba9a09a0e26fbd9b98f060 419220
5b853c5876b64aa5ab3a1daf635731df0e8c92b0 718692
4323ccf83f2db3cf2ffed5b0f2d0b9900a5b54c9 729940
490d7d7fc2cd507d8dc276ed9b681affd502ee77 827882
70ff1eacecec4dd2bfddb0b385fe3d76d7b4de7f 207424
a9eee16d0de3206ec7fc9ae644ce59a7ba31b40a 833754
f8ea88a18a5d57ff361ea1ed4b0589db6ff602f7 381048
11b3b8c42aabb85e2db0ead5b5d83bb4ee9d5bca 271113
42fcf2fd4f7cbeafb60faccc9a2ca1342e9f89a7 867900
7d2abe8b3eee6bc0742de9eec22af5a6cbab8f5a 101677
d91c0ccc7f427d9df394d5ac372c01e2c7af2e46 87472
cf769752d6da3aef05befab4ca2ca3aefaec3a28 595779
9dd1f1bbb83aca0f61bbddef89fe68dc29add2de 678753
ecd6528204c1e166fe60ddcd62fdc5adffd4177d 723718
52acbb03beb78ba34ebbc92bc6ac7fda3a2bcae2 102539
fbac8525aa12eaff68ae4af99443efadec0efa5c 756353
cbcaccf3bbbfa05f91d7ebefaee000a595edef0f 279851
END BLOCK

