BEGIN BLOCK
BEGIN HEADER
Hash of the previous block: 870d4f29396672592e47f1539feff526d216e7fac85469d85f72180941974648
Merkle Tree root: ef04be46fa961216bfad7d77b7b21b64d5202fc834a41a031758d6a158707ef2
Timestamp: 2022-09-26 22:02:01.037847
Target: 57896044618658097711785492504343953926634992332820282019728792003956564819968
Nonce: 13110330361439644835
END HEADER
5d46388dbbe709b8dce174c404e13dedeee85d30 475649
fd780eed18a44a92e97ec29c7fc5d2a6c7cb374e 589577
8eade3cbea2cfed0cd839972446f56176ed332be 964306
efbfa1cdef156dd7526e99b18be943ee1aeea2ed 829596
8ce020a09af9115a216b31eba1ac6bfb6a8e2721 425534
81295f0d910c1d3e9abd368a031ffa910b5fb64e 494271
d7edd5da7e53e5080cfad8ddfa3b5d11ad480c2d 407411
909bde4c3af6cffd8a58caf341ed305edc69f775 931942
dab7c0cbba4568fbaad22cfb8fde09afc4e6048c 446948
f8d3fbe9f0addf32c6ff1f94fb26da3b2c5c77bd 652834
3c7fa12e9ae805885c82179ef97ff14abed233bf 481503
b851fcfdd074cfb3dd31ffaafcd9ffb12cc92ba6 857251
f2d7cefda9e33587e07ef0f0d17258a71ca6459a 529122
dee6a311dca9ceb325a2ef7a9b6ba29aecb79072 561078
b292a0de0a984faa776fdc91a2ec0a6aeeb392a9 931304
20a0b092f076bec2dcaba1dcf3b89bbde04631f1 373180
bdca4c4bc7497dab199cb7d23f3dfc447c58a4c8 471584
6f02ed24e9e37fcf28d6c3f70ab5283245ef0a6e 337185
01af63dcceff544cb709b7dee3eafca1b9acfed1 331734
66dbacbf5dcfb1bec38e4ab5d6593af7744fcccf 448661
ca1118152be0f0ebb6a9e5fc910a44aa187cb22d 354740
e46cabdae3751e0675e1ddb2ce2cf78a6b8c2466 187976
ffdce0ccc1b9ef5bc7e7f4f3cda9ee24ded8b3d5 868017
fa7a0cf75e10fbacaa53bcf77aa8defedfb2aa36 393861
a957b9dbe8e0fea02cbbe9d34ea0a49ebd3f9eb2 335444
fadffbc35e55184d92c1d0ed4c7c2b85b1eba00c 487881
0f9df96a34f882dae0aa03ca8a9d1caafdfc26ff 900686
1fe147825a5cb9255fc3b1efe7d755f3f120c7f6 776937
c50feeeed79f08a9092e27d13b7be9ffad56bbe6 11527
7d9ca2fb6bae88870bf65d0147b11bbc80f54ca9 869791
cee13a360cfdcc4d919983f5a9eea4b5c0e0aabb 70094
bef3aa278ca45cb6a4652bdebd46afe5f1d20ba1 200543
c3ef682e2b9ffd1f7e8aefddd8edbdf42c6ad993 851138
70e0a7263df1ce6bbc14f3f90d33b27bdd20e3f2 921369
308ede7f1a9a385dc2cc4fcdc1121fc95f9fceca 846242
ad6f8b6a1faae3691dbcbec1fe4bc9abc4d5cc7e 446634
ef6579a3a1ab5638ed86dad0c8bf377aaedcb21d 109514
9a82fcb889938ceaeb5a9b9c49a8edb015cfe8d3 349615
516c5a6fac90860a38d4e3aeeaed70db542cfb81 699939
c525ddacd3f4e740dc71b51deff3ee10a96b5f6f 95459
5aef96daea7024d5e8c8bb78b1122ba2a8f2d2e0 228303
87e9daf5edf1c2fc88cc4805ff65f383dd6f1bf8 866833
3b3ebdddf82effadcaef978ac47fd3bd43acf2f1 405454
d3d9fc6decebb2df79cde3d71edf75e6d2023df8 796820
d7fb3abeabb3a0d8fd8dabc859f65ebedfc3cacf 588595
eeddafc0ec46ee6d772d364e9ccdbfcedb241ddf 128182
abbef3a0bca54fc2b4f6effb843b3cefeea81ebe 584302
fa8c1a4fbadddcee1ebf7e6ced8ba8e17010ff34 713355
a77bfd4cb48aceab8fac1ccc93816968fdffc268 49869
f1af8f8d6dbdf18fdc08e5ec1caa59bcdb4ddbff 944634
dbcdbe33a140b47eacdaaebe29d16ae13e4e61fb 667716
4dc68cbcfadbee77afa4fac2c791a0b549f1f04b 659528
ad06b7ce2d1de38478cd1736d2fdad9dd7ebce2d 79445
10eddacab6327cb9a1eacffe88aada4b06eefaf0 589889
0eccc5cefcb0a7aca0ba7aba1cfbb7c7dcf7ae0b 599426
f7e414b9e452c43657fa1f6fed3cbb8b4788e71b 240875
af940bcbee0aff25ada9327c4cde9d90afb84644 598027
a6b04cee7cd98f71e74d72cdeeecbe92a4f0a1fe 572905
1bedc2099fbcfdba706afd0b18d311ea106aae2c 421628
c1e2ccddfe36e610fffe6b49e13ccfb55bcde751 152295
fbb9e78ebd154a32cbbaca6544efee9a29f990f8 462071
59af79c7576dce4a3077fdffbfaababed82ab57c 116341
bdc8dbcd8ace02faa70df8ab4ebb4c7cabd32bb4 180234
bc3cfcdcbf8f06cbf3b136361aa3985f9df3e313 266995
e1642c20e743eddf3e3f50adc2cad2a5d90a5a5a 105338
92207a913cbb94ebde72fadcb39fa4fb6f5fef94 124951
e1bf6e66fe4bffae20a79cbddbc2caffcc92aec4 444585
d1602c542f55cef7b1fcbca03f47bbef6c491ccc 903193
5d6d1499dd2eae6d0dc5ff0773e3aabf2009781b 497839
END BLOCK

