BEGIN BLOCK
BEGIN HEADER
Hash of the previous block: 7a182a68e2ba63981216999024f56187f1660925f0025a73323b409d6c6c82e5
Merkle Tree root: 357cd1b1ad0c5751d066aced1140d785cd4cd7ee683ac054a0cc9e8f35a305a7
Timestamp: 2022-09-26 22:02:01.034441
Target: 57896044618658097711785492504343953926634992332820282019728792003956564819968
Nonce: 8924031730274796553
END HEADER
f78fcb6d01bf2dfb92a8b7bc88546103dbd7ced6 536421
1fe96d6d957dcdb5624077d5ebaa0fb0a5931b2c 453544
e6a31ea8eeb4eae707d6c5cf5fd29c0b7a65e73f 251007
1f87bf79c24f4f6cc28f5b134dcdad82d59fbf0c 957422
fe97cd42aad5f3baa9f1c5d89f22e5ecca8868cd 51437
bee02ffcee06703af8e6dadf4178a75cd6eaeaaa 860904
9665ff69170c2fd0fbeeb0ab8a91d05933b758c9 253040
fde3fe2fedf7fad58bb7acbc6eb8dc5cb117b8ff 344384
d08bbd04424b6fdf6cc8d30c9f51b2d1a2bba97d 44635
ed563af4b974a9fd1bf02bcfcb97d3ec4c48f3bd 498558
db1b1d8fa011fdf7a2b99adc7b74dffb9b47cc5e 931736
9131d800aeaa594e1d6ceda906c378be83a832ba 384488
98107fb8113ea8f5adcbead61d2ac8ed05c5e43f 177027
ba5d6ea265a36daea53fcf42f3cbdfe2dcddb980 803757
2f11358cb5acaf0b8e13e3ca11e34a55ee45c2b3 481360
bbab623faeb89cc2453b3cd9ad5c7e75e36356c4 490305
e5f9fdb0dbaf4fcdcbfeb4d6068b034fbc97cebc 499707
beafcb7c4bbbbbe84f09bcef2bd99ce9d6ff721c 704823
e3fa6df0ce9cd57e3ffd48de9da79e7b290f39b0 957491
735a245af5c4ae1601d94abe78dbd3c0cab868a8 490960
dcef7ba9930b5cfe78a1bffcbaf4176ff78c31ba 738543
dbdf96d88e393a2107ceac6db725d70e84a9e8ed 69423
334c82a58eb0a5c481a6cdb70fefccb50fae6339 449650
56febf7fbe65edeba888f30a9c9a39f128ffcee7 89685
7fbfbb54d78ea0cdcccdb43f5b5dfdef1b5cc1ff 164378
68bd7be58fb0119b305ffdbcc52c6fc48f50b8cc 900852
4043de3880fa5cadd88e5db85abbf491ea4eab7e 836185
129f0e8c1f173c8ecfaaea337c361d5eef9a0397 642916
b7abb6c1ab05b1ddb6e2c0e5f0ced3984ce7aa64 223260
bf5afbcebaec5efdbfba9a7ea8e0dba36fb27b0a 499935
e8720cb041ac4fae4ecaac19b9ae7e4a0efeeea6 788722
1c0fcb8602b0abe2c6d62deedf5cfbf2701ddfe9 169768
feea8cfe9cd76ed2f9d09a18effe6d77a7cfd270 752013
d9c9d0ada8a521febeb1f5c2bb089ac1f3b8bdcc 190100
50071d8fedbe70ec91c73e6cceef9fbdede1e64c 33617
97e644600c01f462fef8afa78fd9cda7ae8c85f5 842566
0834bb4da5ace8d8fafba62dab1bcec0cffdf024 624590
b1f2bfebca5d068c221e7e7f5cbebaf7febbbc25 54187
ad534081ccb1eddceacd2db14f39db3f1b1d64a6 591100
4fc0dbb5be65bdcaed7c8a23d4e9e69836a19db3 601440
6cacb285b80edc1dbbabc912a7fcce6dac99cfed 711136
9654eead2cd11c373dd7834024b7b29c5a5d6e1b 239513
18dff51c4179ec4ad7965db1fc040db1cce4d00d 870926
47c0ef9a4f2d6d0d93bd8bcc4a6d89f1e56eefc6 427084
4699b9c67d27cc8f569fbbd73e8323fce3fcd0e6 115636
2b6dfcd27acaab45ed42a4eb9dcac2ffb9ca1f66 677625
aee58cb272ce3efd7eaedca40f8978be018e8793 503294
aa7ffb6ffa0fbac3a69212be696d0412b9f3cfab 392634
1c0b2baa4cf6bd1bf92c6d9c98ffcb8be6a0ded8 670160
7f2fcf17f521fb838bcae065b579bdd70de06fc9 498210
90e6ac5e3fdaebe8eaf1bbbda0db5c69272f0eef 135121
3abeff43da5cb6f8921ca87bacef35afbd139b7d 75076
5ba02e2f15ceabe1b5977fc7e9e463eed21f77cd 306473
c8b1bd7687bcaea76a2d35a80aed397cf0c90b6e 870375
a0bdf0e3aefbd936f8fb5e835b3f7fd4efebb0d7 810325
END BLOCK

