BEGIN BLOCK
BEGIN HEADER
Hash of the previous block: d56ae012b5a2552df24d1edbf82ed074c802a23054c2ea60fa00a4dae0e56f32
Merkle Tree root: 6239d4e081b5517a0c6881ba970549d59ef8a185af2e3b5234c236c0d209bd42
Timestamp: 2022-09-26 22:02:01.044061
Target: 57896044618658097711785492504343953926634992332820282019728792003956564819968
Nonce: 11615570117284042421
END HEADER
b43742bad05bb446f3de8fde0ee2ca04b057f23d 580781
e1e5daa47848f18cfffd40fc8bf7e8dbc3c10a99 173295
319daa4c0bae99410b16fa53beebe8fe3a5b27fb 528259
a0afdfa1b0c694a65f139da587c3eedd0c0ac4f5 619366
c2dc3a6ecb79abb7b312c35afd0e5454a0d5d9a7 627798
cffb7ce05a6d4a39be941bb5fb3a9e1092e73baf 512917
aed8f03ef8adfedd8b3489d7ac0a31fc7ccecaca 259937
deec47bb1ee6fabad6dfaa94ea0a0cfaff2dcb3b 657223
34bb695e201ba917bfc53e05606bbf1ab499a371 706912
2ddec14cb3eceaa0eaeaa5116cefa919b92d29c5 891920
f3d6c17b0f3b5baa0eebf0ff4c3feed9a8e056df 663044
240dc4374dad1bad7e6e55fae90e9ef5ffaebc0c 115525
1028daf2ca1af4ede3371a5728cd4155bfc76ec7 742204
2a18e788e82f4965c42cfcdffeaca6849f22d06a 588594
8af5ba3b527679b82725bdfee0fdec113fa6b38f 112305
a671c2ab97cfa05c5dbce5f5dc1f4c98ebdb087a 733410
8f23a3105ffbb6aadce67d99dfce22b7ffadd295 776697
32eaba178bd49f6d2fba4dfe661e3fdaeac085ff 573647
45e8c1a311ddd51b25e2dcdcdcd7b72f43aafce6 312569
cdc9a0baecf93fa9fe9fb78c16ff0c9a3fff27b1 912905
384ab1c3bd52623dc3a04aecffe97f776f8ff0fb 728689
faee9ce36b78c41895f52cf72e4b60d62defc87f 546499
ea4c07fdbcda7db8cd7eaabc8b82585e3df8d3f8 472425
f29826a2adf6df7fe4adb9cd9d1f2ed5fffd0cce 718319
abb06cae19d3c1cfd83d9fadd67c87719e902dd3 629192
e9ad87ec38a83928fd94c8bbf1e9bec2db1be0fc 627771
da1a7e4efcdadaade5e2a8cdcefc5f5aeba1ee2a 249508
1c0bdeaa775fcc897e8bdb43fc4e52b4eaf0ce7d 65922
a6739eb021c389b4f53faadf818a8056dbec8cdb 234969
aadbc21be6a7223c47c24ebcaaea7b5fbbe4ee0f 719745
febefe37bc4db7f2ce3958b2abdba1f04503fbe7 576374
c7acfecd6e460cda3afdddba1a626d254ffe56b7 981066
ebfabf2d2a6200ffd76ece25b650f8800a46f32c 514206
cfbdbf9ae9f85353325bc6bb71c45ae4f9ee0d1d 501474
bac4f57c3a962dce93f4f88d70f161601c17d4cb 920925
537796136bafc0c430aeca19fb1050faae7d2e1f 443232
2cd0fafa11fbc5f19bb22bbfd88d7b5e6d16dd54 752853
cefe7cdc9fab0f76bc18fe1efdd5aed43a267371 719523
da6eaafde74aa9cb45313fecba4f44fc2c76bfc8 351744
cedcf2e36a0a2deebdcadb86c96f013b1bafb3e9 996054
e9b0b503cdd1f01128cebb03cbe17cfcfe53c39a 122820
b5ee698e3b34e7fccfbfdbc146ea89ffefe4fc5e 669530
a80ff3289fc46aceff78b2f4b6ca4e8ad2af3efe 342610
145eed8c65c42eedda6b88a01c8bdaaec9ffb2ff 522518
f9ceda3871732c2eaee46c22f9bce041cee4eaf5 879979
28fa97c2a9ba955de2dfebaf3c2eaeee0e2cf057 920130
0dbd59b2142c53ce5a9b7cf4cbbcb7ebcf7f6e1a 690688
cb4af55a3baccbd84da7bdebfaa0efe14a3ec083 214469
66cedeb99530e1b89130b5a5cca0798c792ebddc 734635
fea6efeda1e6cb5f8af6b11c3eebcf0448fbbaa5 914493
f5af43a5953d5dfdbd45b0a69e4b831ab5791cde 438005
fced0b5d558ed6dba6baab531f2252e6f5ed4116 854345
d8ef435d617c7ecd20ff4dd66ce0d4aa90b5cac8 484044
436c18a5d7f5b8c9ebf1efe13fbacb3ccbbe0df3 82505
f33f7d8bf7a01e9a390cb1da8d3250d2d2b9c580 828752
a0c16a7ab47ec7fe41c0ec5ae9d58c6dc1038fdb 485097
dcdeca2655cbce091d5fdcc5b55f99dee3ba5cce 688431
fc73ce6bfefab3834ae9ebe03f9a0cf10f0c10ee 726823
c2fced3dcdf8deeadb58bdff1302384c03aa53a1 330959
7cd0ec3bea05ad1da98fbbf4ecea821ac86b928e 340360
511dc9addacbf886e8cea4a77c8b312027b09d20 408291
da75debddadc93fdbb5f2ddbeeb73a7bdb1fdf4a 79904
2ae9777ebf7f21976ccaafcca6eeeb7a0ecff4b5 899926
END BLOCK

