BEGIN BLOCK
BEGIN HEADER
Hash of the previous block: 2166ec4537b467401545898a073946a145d9813b15688224b23b7d4d01d00799
Merkle Tree root: 62bb5e4286cb3ea503750914cd6453647888dcbf6bb6b2e48373b768d77f2096
Timestamp: 2022-09-26 22:02:01.065040
Target: 57896044618658097711785492504343953926634992332820282019728792003956564819968
Nonce: 6824158512810806601
END HEADER
af4fdb6c9a0d77a38bd57fc2b7da2d6a1b295f6b 398671
10edaea0fb5f8c03f9d5185aa1d1763c9cc4c613 765860
4e8dd8acf306a134b550cd16806ff08efdddcf5c 771161
ea0cb6ac64c9ae9ab898ea3e568fdaffae0acd6e 290757
5cadf8a17be2f9ff7ac7adc2d75aff07f2bdefa5 996836
cea15b06a6b4f9dab8331c8a06ca0b1104f49d6c 412821
518ed67ac2ecfdaec9f3a9c9bba88bfc7bfcddfe 236525
bb3d5bee30e38baa5fa6ede2c4a98bda2deaf67f 808629
82eea4d54b48068ed2bca1e8f8efc7ffe8ebac10 781932
4129d12b21fddd3adeac0cea44d67a3eb2b1ef6c 494600
bcabbbcdabc7fa0bc58550be5ee449d6370fb7d9 302167
d9eab2f8d5e5a902dde4d0ff4effafbdba7cb1ce 109993
8e47feda4ca36e28a85c9239f4dfff922d8b584c 423135
8dbde3befd70bdd27aaca2e9258b44deea63abd7 396289
e4dea1bdeecbe4ecacc9abfba6558bfe8eecb1ab 689979
be2b2ef6bdb8c1f8b98b2e1d5c43bd94969efcf1 704408
bca2fd858b9cee0a6e6cc16ca4533f111c15f9c5 610384
a4ccaa6be8cf21faefd7ad47fa7c9becfafa8dc7 275661
cbe9aee0d2468e1442a3e37af8f266cfd095cb24 91007
9cac64155eff4cd47fbe2784ebd8c8053e6ffacd 809426
be94664d1bb3f5ab3efabd80f2e93ce0aaf8bfd6 127649
df56ae5b2f72e8dcfcd6fac7da05a9a61aebd706 757179
fd62b2edee3e1d79c9281adef1ecf705f9bbf71d 398649
e1cbc5c3790ac4cbdcfac4aea1a6bc2a47d7fb6e 323308
e4dfb33caae8f44eacdea37f79df3b595c3d7e2f 357288
3584e48d9d13ba81b93cee85dd9faf6ed787421d 903724
d6275a73dbeacf7fb9e72c99d0d9e6e8f4cafbab 685108
c9af6caff4d2a2bfc95ebb35b1a5edd22dbdc865 238839
fe6cafddcdd34fc1c7ffdabe3ca1c6b4d7baedcb 231808
82dfcefc241ede90a50abac07feab5d92defef8f 559959
cdaebece6eae2ad6b4cbfb43bace39bdc47daf7d 426018
fcfe910de6aac4f0be3a097e16a061e97b4324bf 529948
dcbcc61bdaa6bffabb614c5b3014ddaee9c82eae 977972
23ecba319edb7d1f4ed215c96bef8e7d5ee84acf 516221
2d2edadaedbae08ae9bc3b3ad8ecbf91acdbf2c7 282548
e069f3e51d4a2bd4dff97faeffd8dded4edf0131 143463
d1f9cde4e0eaec651bcf69acacc1c7a6bede519c 979012
4fac9ed3d5ca7e4fbe2a8f49f9e7bbc5b6d4ffe0 248994
0fc9b66db5116a8524ef59ded9dd4ab7dbe6dc3e 910256
9ef29aa99ed8ba03facfa6d3dc0405ccbeacfcbe 407978
e2e347970aaacc0bb74dd5251b73bfdeb6e2d9cd 239447
fcebb2ddd6fe1e8ae86fcffd86ff8bb52905f9ec 368713
d68bc6bcebaacdaf2f1fc7f6acc93ac725a7fcfb 151870
daa684c38983c598cabe07cb62b376b1da82adba 780512
dba59bab86feaa0e254f9d8272900246bfbc90a1 253675
cff1d2b0e2f01cc37ab1ddc8af30ddeb623ea6ff 389936
eef4c37e3c18f5cb3b48bac75701cd74d2a0eaed 249628
1cddf9aac0c2d3beac608cb933188ae6b0b4e86e 657131
9cfe8aaa60adc00a1cdcf7effbb6e030fdbffdae 44378
47cc879160afeb5102649b17213aa0d6d0fccbde 136653
573bf71cfcc2ff9c0cd7b3a1fbca8acf6f4e2eba 70344
bd0f679ecfe0291359f475fa8cb7dccf1eda3fe3 584695
89eafca1e2ffecf56fecacabd2f2c6291a103eda 68866
a2fe6c27e53bbbc7b442c1bcb1aed8fece8eb704 951614
55fbf5c05dda08b849a9dcc1dcf12192c33b29db 98980
8f6c4bbc1f62d18a72cb56620dadcd5b3ad291ef 463367
aaddaaccf3a9d6ec6fd6b8d1d6f736fccfba8168 338666
bf0e86d62c669fdf52cac83dc68c75cbbbcfc924 857303
8bef26ccb8ae9aecaf5859c9ffe5dd1ee2df8003 325952
f1eed1efe55ae90bc9b986f8ca7be08310bfffb8 235524
fae2e6972efbefb3ceb8eea0c4bc3757fe5a980d 405964
8aacefec81eeadb9ff9d6aed3bf292aeff90da1b 937839
aa95ed2bd4f19a3bfbc8aed49477384623bdabfc 547685
e0b1108d6a51ae99039ef3ce74b00ba213b61683 588200
eaefeeff31469ef3f0a264f6a9f0a33f874ce37e 369894
648edac54e1f5f6cdda4fe0b9eaff0b73f6a04d7 371077
1b8dcb1ebbae475f96cdeffc18ab88ec8dfcacee 467277
cfad0aaeee49a9843288cb4f3c6cad551dc1597f 223079
eacecb97569ac7fbaf044f92deec69f0e1ae77dd 42380
ce922349fd8fb162ce9f261d4ebe56d29a9018ca 717174
d1a82eac94f1cd8b8edf0d7be1d2ac1da88daadd 647640
febe809fb0abece31e52cd620ec6ddb8f8e0659c 719182
3f88e72f30fcd8cbece0dd5205ecac89e6c69b2d 488458
d8fef3bad36af003aa6b50bb0d3a3ab6effac2a4 321034
bdffa1bedf68180cbbc254aa8c132fe50c62ddc9 996215
15ede74de8ae54cda2bd9f135e23eed5c21ff3be 920723
aed31edd2d91babcefdccc9fb6e518aee3398f1d 323285
23f55bbd2cbdceb25df8606a4f06275af6ae5bcd 683356
47a3effbaa9ed5cd6caaf882615a80fd24afeefd 10686
e1fc41cb5ec066a2f963bbaff9c3e5fcdad6ad2d 362135
8fe0fa46fa358fedfcac2f5cd17df8d4a0b2cbc1 912159
11a6e0b5ed65ab6bff0cbd2cc5a1f69fe57bbffe 489580
beabab67c1558226b52fe1ca4c9d7ce5c8f8cc9e 377354
e76bd7cd40eeeca5dde0acccacdfbe9b1c01295c 775799
6b49dd13bbb865cdbeca413416be716b933eefed 176399
c3a01fabacedfa5c837925af611ce1b7ad1aa04c 966716
END BLOCK

