BEGIN BLOCK
BEGIN HEADER
Hash of the previous block: ee40db2922c51df6fb1228fe01db39ffce32933c08878cb418e9327d35773ecc
Merkle Tree root: 8ebd76081d16533564a8cdffdb77d6525e82a0f2bedc654629e237e5e6f43834
Timestamp: 2022-09-26 22:02:01.069568
Target: 57896044618658097711785492504343953926634992332820282019728792003956564819968
Nonce: 16181742781063245953
END HEADER
8674abaad6bfe8eea71e57accd6cbf20a1adefed 567824
cc66fae1e298f7daf4f41c6adde35db8da5f2e40 156170
954b13dc345faaf853ed4cda3febafb920fda6e7 304510
c376993c8c43b219c25a4cebadaa16ea44bbdd43 200920
ebb42acf977e482ff5d8ce6b01eaad4bfc421770 415370
f2fd9edba8af2cc8a7243eb74bde7bdd3cbd6a95 962562
2d4cd2ab863f3f30b5c8ae2ace6240c58fa71eba 402081
5eb3f2a63da3bc7da621eecd0d1785c6edd6879e 700541
ac05b241733eefff065d2e5a6d4e29d37989e3a2 216263
65cec5eaebf734d2b343efb03bdd2ca95d1eb89b 714605
c1a22bea96cfab34028ee8e6facc78765bd6bfce 88151
1cc9daf283fdd7cfd9aefb33fed3e29e64deec9a 881200
fcc2f6cc354c7b3c4a04006d8e66571deb1baacb 488571
d6ea74ff5da1db1ecee09bafa01b91f8dc7259ad 124865
ab8fe11b3b96616dad8d16ebaea509f75aa4cad3 829437
73be4f6fdf27cffacec35fd4b666a3b14b121a7b 992691
e4d1ac662df10d8860bbdac61999c4f5e844dda9 792421
8ea1dde9c6dfd36d9d7e57c6abcb7eec290ab236 918031
e52cbe6ce0af33e3da934f48bab984c6dfbc463e 635992
fa746dee4f4ec7fa9eb6f8a6ae60e4369adcedfc 75323
602ae3ffde0bbdd58ea2aba3cbcfaafae8fe627a 552529
d3dac2a1abda6ad5c80a052c7af87cf4fcffe8e3 366287
dbefda40d65e1c7fb64624ecdfd1bcd3ebcf07db 521541
edcaa87f135e4d2e59cbd65a3d0f5007fcde64bf 948280
11fcf30bdcf27d8b39ff3dfe39cead212deadd74 472870
5be2fd5e82154ef971c7bcc5d646f34ff3ced431 397580
6f4dd1ba1148f36ed2ceff0dececb747ed112606 121002
604a57c87f0fb668dc70e2e266c87398792ba9c2 42756
9e4a5b0cde3be0e2bf9460092cd9a27b55726db6 275873
bd9e4b8bad894cbcc10bfeadbcf0db7f8edd22b7 560577
52d9767fae6fca0fa8c1d2ca2bbbebcb6b77e0e8 337253
4ab7f9265ea87efbcf1ab1dd94aeab1e9d2c1e90 367324
dc8794d0909ac86f46f3f4619fa9ece8ab2cbe01 206832
ba3a35dac9220defe6ecaec63cf6b1f2fee7aeda 290340
7bedca47aea179bb3e2ed7712b0baf297faad98c 150444
3ffc8af484ac35ccd662ffc46e868eacfd6050ae 302781
9adca1622b3aa00be95292a694b8701fe516f27f 504128
b7b16d4ab5c6c5a0dcdbbaba3f15f9e9ffa4cc95 197765
ed8fea1870b10fdbbd47b6255f4d49aa288172ff 334567
9f6ace8bdec7d160d1b93637de6db77342fbb7bc 412824
1af34bf13cbbfd8eacbcfad0b246438f094ae554 160254
f2650ec0e6baff1c27c8d8e8cdcd6f5ebcbb44f0 34022
adf314559e018f2f3236eaf2ffb04df65fcdd6be 693918
0dbb00389eae1f9cc1baace6b78d5acee4bccb2d 369854
5d602dcf80aefda044cfecad6befb3afcea42512 483441
b21f9fac7a654e9cfa74e0a9e683cc72c6f5cbde 593458
aa1df4e1c51e2a93fce376df2ea40ed9d33db6dc 156224
7be2830d8c9cdeffbdd178aafdce4fd6db7f01de 276280
7f18aab989f5f253aecbadccdce8c251a8cfe41a 390563
a2858ac9f4f4bce1b3cc8cb0bfaf11cec7d7f8d0 855249
bbf7dbb3acc0daffad865aa34f3cc0ba82ad9101 649663
df94eb7ff2f8dc32bcbd5507abbae2ac76fb78de 303998
284ae4e9adf8d07c18f1edae08b7ac3df265cb57 638518
END BLOCK

