BEGIN BLOCK
BEGIN HEADER
Hash of the previous block: 44f47763cb05f2b0d33493d4749291f86f970a2e4ac6bd158c78ccd014964e78
Merkle Tree root: 1641a043629d184589ee262f9d22131070a6f0a7dd105026f14a90ab1ebd83ca
Timestamp: 2022-09-26 22:02:01.053608
Target: 57896044618658097711785492504343953926634992332820282019728792003956564819968
Nonce: 17196448112535005914
END HEADER
9dee0bb7b9cfb45db5aed2447b3e015ea10fae78 183870
f4e5a0a5abfea0bcf24f9ea1cb2aba5adebbe4b8 269137
73a6ece9dfa5eda4abed6bfe7d6c253c0abae02f 962987
9a1a9e9ac7681df6ac06adc7d6b8be3d2412b1f4 209325
5afb62d8fc4bbc0ccc7ba88d4f91e9df6bd0badf 998020
3ce0ba1ff2b6eea25d6cdd1fb7d741028f1ef771 935544
fddae9eb929bda663abcd98bffaf154cef4ebc45 948540
98ce6cef7b614ab82badeebb5e6c935be6b2c7df 166819
dab9febd4dec4fdabf7a1cc5c9e6bc5d7b3c8be0 150171
abb9c99cff7bcec8f068dd253ad0ebae2bb3947f 395970
aef1ec9ca868a6eaad24fe1354e7ebc6b5f10ad4 180063
3bfa4cbc977e2c68cb80702a1e64e147ff8dbde2 720457
3bd1bf4b41bff09c3559bbf1fa1179efee42ff0a 916754
5ffcda7f7ddb2d42fb4b7ccdbb10cc19ccfea965 901668
07ecfaaddb870c488fc7addf9d0ae97e6dcd6ab8 471230
d6659bff9c8aa16d2fdce31bf24bd408ea9c5a4f 77805
d0baa41ea3f0bedfe5dc7f94efb6ed4996c3cbdd 728370
29d3d4cfc8a983041bdbdd89cc4bbe650fdaf3fb 136417
8d6b3e68ab89f9e640fe80ca01e2be0ee8a71bcd 813063
deedccfcfa0ab8ade7cbe1e5eabe7fa8f237d0e8 209863
930ff7da3cb2ffab425d8bc8ad3894a9a503ae1f 375584
d78684b5588ad9cb4b60eb8aac19ae55a3baeea5 896499
8aa780cc8a1a1fa6566aefb4c1e31a0afa1f5d5a 226787
d3c176ff863eca24ed106cce19dddd3cfbf4cd5d 143620
a0fccbd0f6c0254f5d3eaaf61ebcab3bdc18baac 210024
fd57bda1efedef7d0fa26ec37f0b5fdb07c8948a 818496
fe260c44c0e6679be8639ffbfa3e7bfbbc91bceb 859690
5c7d6ec19e0ceddcdd51edbe4b7b618fd0ee2b13 143708
edaea33adde2ebfaf5efc38e4af8b0fbd50f7944 572454
ac7a9fcc453bd9f4aba3e382f53dcdc7b6bf46a3 958773
2553b82a71378f362add50150d49b1a159747f3c 949338
0b9e301efdd4d221aacb5cec29d98ed5f39cd8ac 59979
e6a77c0f8f0aafad5ac169c3b62eebfbbeb22b2d 11299
15c6637df3f94accf01cdc0042de23c9cedeffeb 835001
ce8961969a313c043dbef97e5bafeb32e4ae0aed 232596
834c1b074140d70d05ac9910bfa5f5eabe50f9ae 130539
ccc56081d6ed4faa8134fcd903a6cba425c8de7e 688355
9ea2bcf49ecfd3c91e4eefd6acda2c5fe7a45d03 177895
dfbc9ccdbadf06c9bb8dee9b2a79fb37de2ece0a 107517
a31efdacfb37ccff5c2eb1b20edbba5d6667bebf 293289
3c72b9072d04bee7e5ff8b0ae02ec0bcc29b0111 973408
2a5bf26f4252ddcc874ca4082ca3bc18b85bbff1 386825
70d5757e87cdffeecafb971cabcf2cc1de5eaff8 706283
db1c6b5dfd1b938d9fa5e26609786ebc19260ef0 998788
85c3c7a48fc10cba76afe9cd8e4d5a6fdb6aebcf 512549
2cbfcb13e8c90aa6abae308daee3b62daba54b59 605032
fd8d7effeda49f8bbff0f169b1ea4d844dcd2ca5 507131
effa76cc4f04adcd9c6e63a73fe8aafa4b4aaa1b 486244
9a58cfce448eeb5cc82837acb1ddbac664ff262f 534770
823ff8edb7a0b7c0bfc68e31d5aebaa9ea5e4a71 707600
aef3c9aa39ea24dc8a7b7d1ec33da447ff6e8fd7 539995
cb0ea5f15ee277133d6ed7aceeaf8fdd4abbe882 760161
END BLOCK

